
Showing logs for build [32mmathieucasse-environment-jenkin-w8x8z-1[0m stage [32mfrom-build-pack[0m and container [32mstep-credential-initializer-92zsw[0m
{"level":"info","ts":1590063428.7265208,"logger":"fallback-logger","caller":"logging/config.go:69","msg":"Fetch GitHub commit ID from kodata failed: open /var/run/ko/refs/heads/0.8.0-ns-support: no such file or directory"}
{"level":"info","ts":1590063428.7296107,"logger":"fallback-logger","caller":"creds-init/main.go:40","msg":"Credentials initialized."}

Showing logs for build [32mmathieucasse-environment-jenkin-w8x8z-1[0m stage [32mfrom-build-pack[0m and container [32mstep-working-dir-initializer-l8nfv[0m
{"level":"info","ts":1590063429.6318746,"logger":"fallback-logger","caller":"logging/config.go:69","msg":"Fetch GitHub commit ID from kodata failed: open /var/run/ko/HEAD: no such file or directory"}
{"level":"info","ts":1590063429.6339366,"logger":"fallback-logger","caller":"bash/main.go:64","msg":"Successfully executed command \"sh -c mkdir -p /workspace/source\"; output "}

Showing logs for build [32mmathieucasse-environment-jenkin-w8x8z-1[0m stage [32mfrom-build-pack[0m and container [32mstep-place-tools[0m

Showing logs for build [32mmathieucasse-environment-jenkin-w8x8z-1[0m stage [32mfrom-build-pack[0m and container [32mstep-git-source-mathieucasse-environment-jenkin-w8x8z-m5h4k[0m
{"level":"info","ts":1590063435.797806,"logger":"fallback-logger","caller":"logging/config.go:69","msg":"Fetch GitHub commit ID from kodata failed: open /var/run/ko/refs/heads/0.8.0-ns-support: no such file or directory"}
{"level":"info","ts":1590063436.5085537,"logger":"fallback-logger","caller":"git/git.go:103","msg":"Successfully cloned https://github.com/************/environment-********-staging.git @ master in path /workspace/source"}

Showing logs for build [32mmathieucasse-environment-jenkin-w8x8z-1[0m stage [32mfrom-build-pack[0m and container [32mstep-git-merge[0m
Using SHAs from PULL_REFS=master:c4d249580dfe80e34107607978b75bcb6fef0971,9:b2cf7b0143282a6ff7b8c1cd4eee8a407e4268ad
DEBUG: LC_ALL=C JX_LOG_LEVEL=error git fetch origin --unshallow b2cf7b0143282a6ff7b8c1cd4eee8a407e4268ad: c4d249580dfe80e34107607978b75bcb6fef0971:
DEBUG: ran git fetch --unshallow origin b2cf7b0143282a6ff7b8c1cd4eee8a407e4268ad: c4d249580dfe80e34107607978b75bcb6fef0971: in 
DEBUG: LC_ALL=C JX_LOG_LEVEL=error git branch
DEBUG: LC_ALL=C JX_LOG_LEVEL=error git checkout master
DEBUG: ran git checkout master in 
DEBUG: LC_ALL=C JX_LOG_LEVEL=error git reset --hard c4d249580dfe80e34107607978b75bcb6fef0971
DEBUG: ran git reset --hard c4d249580dfe80e34107607978b75bcb6fef0971 in 
DEBUG: LC_ALL=C JX_LOG_LEVEL=error git clean -fd .
DEBUG: ran clean --force -d . in 
DEBUG: LC_ALL=C JX_LOG_LEVEL=error git merge b2cf7b0143282a6ff7b8c1cd4eee8a407e4268ad
DEBUG: ran git merge b2cf7b0143282a6ff7b8c1cd4eee8a407e4268ad in 
DEBUG: LC_ALL=C JX_LOG_LEVEL=error git log --format=%H%x1f%an%x1f%ae%x1f%cn%x1f%ce%x1f%s%n%b%x1e c4d249580dfe80e34107607978b75bcb6fef0971..HEAD
Merged SHA b2cf7b0143282a6ff7b8c1cd4eee8a407e4268ad with commit message 'chore: Promote hello-4-1 to version 0.0.3' into base branch master

Showing logs for build [32mmathieucasse-environment-jenkin-w8x8z-1[0m stage [32mfrom-build-pack[0m and container [32mstep-build-helm-build[0m
WARNING: No $CHART_REPOSITORY defined so using the default value of: http://jenkins-x-chartmuseum:8080
Adding missing Helm repo: storage.googleapis.com https://storage.googleapis.com/chartmuseum.jenkins-x.io
Successfully added Helm repository storage.googleapis.com.
Adding missing Helm repo: jenkins-x-chartmuseum http://jenkins-x-chartmuseum:8080
Successfully added Helm repository jenkins-x-chartmuseum.
WARNING: No $CHART_REPOSITORY defined so using the default value of: http://jenkins-x-chartmuseum:8080
Adding missing Helm repo: chartmuseum.jenkins-x.io http://chartmuseum.jenkins-x.io
Successfully added Helm repository chartmuseum.jenkins-x.io.
