
Showing logs for build [32mmeta-mathieucasse-environment-j-bjdx5-2[0m stage [32mmeta-pipeline[0m and container [32mstep-credential-initializer-ccvg8[0m
{"level":"info","ts":1590067373.359405,"logger":"fallback-logger","caller":"logging/config.go:69","msg":"Fetch GitHub commit ID from kodata failed: open /var/run/ko/refs/heads/0.8.0-ns-support: no such file or directory"}
{"level":"info","ts":1590067373.3598933,"logger":"fallback-logger","caller":"creds-init/main.go:40","msg":"Credentials initialized."}

Showing logs for build [32mmeta-mathieucasse-environment-j-bjdx5-2[0m stage [32mmeta-pipeline[0m and container [32mstep-working-dir-initializer-k5kkq[0m
{"level":"info","ts":1590067374.3837068,"logger":"fallback-logger","caller":"logging/config.go:69","msg":"Fetch GitHub commit ID from kodata failed: open /var/run/ko/HEAD: no such file or directory"}
{"level":"info","ts":1590067374.3864355,"logger":"fallback-logger","caller":"bash/main.go:64","msg":"Successfully executed command \"sh -c mkdir -p /workspace/source\"; output "}

Showing logs for build [32mmeta-mathieucasse-environment-j-bjdx5-2[0m stage [32mmeta-pipeline[0m and container [32mstep-place-tools[0m

Showing logs for build [32mmeta-mathieucasse-environment-j-bjdx5-2[0m stage [32mmeta-pipeline[0m and container [32mstep-git-source-meta-mathieucasse-environment-j-bjdx5-pkxw6[0m
{"level":"info","ts":1590067380.611506,"logger":"fallback-logger","caller":"logging/config.go:69","msg":"Fetch GitHub commit ID from kodata failed: open /var/run/ko/refs/heads/0.8.0-ns-support: no such file or directory"}
{"level":"info","ts":1590067381.753292,"logger":"fallback-logger","caller":"git/git.go:103","msg":"Successfully cloned https://github.com/************/environment-********-staging.git @ ffe1dfbe6d4dc7a67fc1c30a485cce85c64010c9 in path /workspace/source"}

Showing logs for build [32mmeta-mathieucasse-environment-j-bjdx5-2[0m stage [32mmeta-pipeline[0m and container [32mstep-git-merge[0m
Using SHAs from PULL_REFS=master:ffe1dfbe6d4dc7a67fc1c30a485cce85c64010c9,9:b2cf7b0143282a6ff7b8c1cd4eee8a407e4268ad
DEBUG: LC_ALL=C JX_LOG_LEVEL=error git fetch origin --unshallow b2cf7b0143282a6ff7b8c1cd4eee8a407e4268ad: ffe1dfbe6d4dc7a67fc1c30a485cce85c64010c9:
DEBUG: ran git fetch --unshallow origin b2cf7b0143282a6ff7b8c1cd4eee8a407e4268ad: ffe1dfbe6d4dc7a67fc1c30a485cce85c64010c9: in 
DEBUG: LC_ALL=C JX_LOG_LEVEL=error git branch
DEBUG: LC_ALL=C JX_LOG_LEVEL=error git checkout master
DEBUG: ran git checkout master in 
DEBUG: LC_ALL=C JX_LOG_LEVEL=error git reset --hard ffe1dfbe6d4dc7a67fc1c30a485cce85c64010c9
DEBUG: ran git reset --hard ffe1dfbe6d4dc7a67fc1c30a485cce85c64010c9 in 
DEBUG: LC_ALL=C JX_LOG_LEVEL=error git clean -fd .
DEBUG: ran clean --force -d . in 
DEBUG: LC_ALL=C JX_LOG_LEVEL=error git merge b2cf7b0143282a6ff7b8c1cd4eee8a407e4268ad
error: error during merge: merging b2cf7b0143282a6ff7b8c1cd4eee8a407e4268ad into master: git output: Auto-merging env/requirements.yaml
CONFLICT (content): Merge conflict in env/requirements.yaml
Automatic merge failed; fix conflicts and then commit the result.: failed to run 'git merge b2cf7b0143282a6ff7b8c1cd4eee8a407e4268ad' command in directory '', output: 'Auto-merging env/requirements.yaml
CONFLICT (content): Merge conflict in env/requirements.yaml
Automatic merge failed; fix conflicts and then commit the result.'
[31m
Pipeline failed on stage 'meta-pipeline' : container 'step-git-merge'. The execution of the pipeline has stopped.[0m
