
Showing logs for build [32mmathieucasse-environment-jenkin-hz8gb-1[0m stage [32mfrom-build-pack[0m and container [32mstep-credential-initializer-scb8k[0m
{"level":"info","ts":1590005853.600788,"logger":"fallback-logger","caller":"logging/config.go:69","msg":"Fetch GitHub commit ID from kodata failed: open /var/run/ko/refs/heads/0.8.0-ns-support: no such file or directory"}
{"level":"info","ts":1590005853.6020331,"logger":"fallback-logger","caller":"creds-init/main.go:40","msg":"Credentials initialized."}

Showing logs for build [32mmathieucasse-environment-jenkin-hz8gb-1[0m stage [32mfrom-build-pack[0m and container [32mstep-working-dir-initializer-7scb7[0m
{"level":"info","ts":1590005854.4982111,"logger":"fallback-logger","caller":"logging/config.go:69","msg":"Fetch GitHub commit ID from kodata failed: open /var/run/ko/HEAD: no such file or directory"}
{"level":"info","ts":1590005854.5002007,"logger":"fallback-logger","caller":"bash/main.go:64","msg":"Successfully executed command \"sh -c mkdir -p /workspace/source\"; output "}

Showing logs for build [32mmathieucasse-environment-jenkin-hz8gb-1[0m stage [32mfrom-build-pack[0m and container [32mstep-place-tools[0m

Showing logs for build [32mmathieucasse-environment-jenkin-hz8gb-1[0m stage [32mfrom-build-pack[0m and container [32mstep-git-source-mathieucasse-environment-jenkin-hz8gb-pzjnp[0m
{"level":"info","ts":1590005857.5905247,"logger":"fallback-logger","caller":"logging/config.go:69","msg":"Fetch GitHub commit ID from kodata failed: open /var/run/ko/refs/heads/0.8.0-ns-support: no such file or directory"}
{"level":"info","ts":1590005858.2141004,"logger":"fallback-logger","caller":"git/git.go:103","msg":"Successfully cloned https://github.com/************/environment-********-staging.git @ master in path /workspace/source"}

Showing logs for build [32mmathieucasse-environment-jenkin-hz8gb-1[0m stage [32mfrom-build-pack[0m and container [32mstep-git-merge[0m
Using SHAs from PULL_REFS=master:77cff8e54ce4725c2ed2d551c715295e9b13ddb4,2:cfa7f79a869a7db42054ec6d31741e63472ba0d3
DEBUG: LC_ALL=C JX_LOG_LEVEL=error git fetch origin --unshallow cfa7f79a869a7db42054ec6d31741e63472ba0d3: 77cff8e54ce4725c2ed2d551c715295e9b13ddb4:
DEBUG: ran git fetch --unshallow origin cfa7f79a869a7db42054ec6d31741e63472ba0d3: 77cff8e54ce4725c2ed2d551c715295e9b13ddb4: in 
DEBUG: LC_ALL=C JX_LOG_LEVEL=error git branch
DEBUG: LC_ALL=C JX_LOG_LEVEL=error git checkout master
DEBUG: ran git checkout master in 
DEBUG: JX_LOG_LEVEL=error LC_ALL=C git reset --hard 77cff8e54ce4725c2ed2d551c715295e9b13ddb4
DEBUG: ran git reset --hard 77cff8e54ce4725c2ed2d551c715295e9b13ddb4 in 
DEBUG: JX_LOG_LEVEL=error LC_ALL=C git clean -fd .
DEBUG: ran clean --force -d . in 
DEBUG: JX_LOG_LEVEL=error LC_ALL=C git merge cfa7f79a869a7db42054ec6d31741e63472ba0d3
DEBUG: ran git merge cfa7f79a869a7db42054ec6d31741e63472ba0d3 in 
DEBUG: LC_ALL=C JX_LOG_LEVEL=error git log --format=%H%x1f%an%x1f%ae%x1f%cn%x1f%ce%x1f%s%n%b%x1e 77cff8e54ce4725c2ed2d551c715295e9b13ddb4..HEAD
Merged SHA cfa7f79a869a7db42054ec6d31741e63472ba0d3 with commit message 'chore: Promote express-hello to version 0.0.1' into base branch master

Showing logs for build [32mmathieucasse-environment-jenkin-hz8gb-1[0m stage [32mfrom-build-pack[0m and container [32mstep-build-helm-build[0m
WARNING: No $CHART_REPOSITORY defined so using the default value of: http://jenkins-x-chartmuseum:8080
Adding missing Helm repo: storage.googleapis.com https://storage.googleapis.com/chartmuseum.jenkins-x.io
Successfully added Helm repository storage.googleapis.com.
Adding missing Helm repo: jenkins-x-chartmuseum http://jenkins-x-chartmuseum:8080
Successfully added Helm repository jenkins-x-chartmuseum.
WARNING: No $CHART_REPOSITORY defined so using the default value of: http://jenkins-x-chartmuseum:8080
Adding missing Helm repo: chartmuseum.jenkins-x.io http://chartmuseum.jenkins-x.io
Successfully added Helm repository chartmuseum.jenkins-x.io.
