
Showing logs for build [32mmathieucasse-environment-jenkin-fkp7n-1[0m stage [32mfrom-build-pack[0m and container [32mstep-credential-initializer-grg2c[0m
{"level":"info","ts":1590069136.5566347,"logger":"fallback-logger","caller":"logging/config.go:69","msg":"Fetch GitHub commit ID from kodata failed: open /var/run/ko/refs/heads/0.8.0-ns-support: no such file or directory"}
{"level":"info","ts":1590069136.5575526,"logger":"fallback-logger","caller":"creds-init/main.go:40","msg":"Credentials initialized."}

Showing logs for build [32mmathieucasse-environment-jenkin-fkp7n-1[0m stage [32mfrom-build-pack[0m and container [32mstep-working-dir-initializer-4xlhn[0m
{"level":"info","ts":1590069137.4326348,"logger":"fallback-logger","caller":"logging/config.go:69","msg":"Fetch GitHub commit ID from kodata failed: open /var/run/ko/HEAD: no such file or directory"}
{"level":"info","ts":1590069137.4423044,"logger":"fallback-logger","caller":"bash/main.go:64","msg":"Successfully executed command \"sh -c mkdir -p /workspace/source\"; output "}

Showing logs for build [32mmathieucasse-environment-jenkin-fkp7n-1[0m stage [32mfrom-build-pack[0m and container [32mstep-place-tools[0m

Showing logs for build [32mmathieucasse-environment-jenkin-fkp7n-1[0m stage [32mfrom-build-pack[0m and container [32mstep-git-source-mathieucasse-environment-jenkin-fkp7n-9nrjm[0m
{"level":"info","ts":1590069141.5709133,"logger":"fallback-logger","caller":"logging/config.go:69","msg":"Fetch GitHub commit ID from kodata failed: open /var/run/ko/refs/heads/0.8.0-ns-support: no such file or directory"}
{"level":"info","ts":1590069142.6764414,"logger":"fallback-logger","caller":"git/git.go:103","msg":"Successfully cloned https://github.com/************/environment-********-staging.git @ master in path /workspace/source"}

Showing logs for build [32mmathieucasse-environment-jenkin-fkp7n-1[0m stage [32mfrom-build-pack[0m and container [32mstep-git-merge[0m
Using SHAs from PULL_REFS=master:529978f9eec2750c74c6377667bfec74745717f7,12:7e627b28b1ebfd1a9d4633a08ca853f4a4e35844
DEBUG: LC_ALL=C JX_LOG_LEVEL=error git fetch origin --unshallow 7e627b28b1ebfd1a9d4633a08ca853f4a4e35844: 529978f9eec2750c74c6377667bfec74745717f7:
DEBUG: ran git fetch --unshallow origin 7e627b28b1ebfd1a9d4633a08ca853f4a4e35844: 529978f9eec2750c74c6377667bfec74745717f7: in 
DEBUG: LC_ALL=C JX_LOG_LEVEL=error git branch
DEBUG: LC_ALL=C JX_LOG_LEVEL=error git checkout master
DEBUG: ran git checkout master in 
DEBUG: LC_ALL=C JX_LOG_LEVEL=error git reset --hard 529978f9eec2750c74c6377667bfec74745717f7
DEBUG: ran git reset --hard 529978f9eec2750c74c6377667bfec74745717f7 in 
DEBUG: LC_ALL=C JX_LOG_LEVEL=error git clean -fd .
DEBUG: ran clean --force -d . in 
DEBUG: LC_ALL=C JX_LOG_LEVEL=error git merge 7e627b28b1ebfd1a9d4633a08ca853f4a4e35844
DEBUG: ran git merge 7e627b28b1ebfd1a9d4633a08ca853f4a4e35844 in 
DEBUG: LC_ALL=C JX_LOG_LEVEL=error git log --format=%H%x1f%an%x1f%ae%x1f%cn%x1f%ce%x1f%s%n%b%x1e 529978f9eec2750c74c6377667bfec74745717f7..HEAD
Merged SHA 7e627b28b1ebfd1a9d4633a08ca853f4a4e35844 with commit message 'chore: Promote hello-4-3 to version 0.0.1' into base branch master

Showing logs for build [32mmathieucasse-environment-jenkin-fkp7n-1[0m stage [32mfrom-build-pack[0m and container [32mstep-build-helm-build[0m
WARNING: No $CHART_REPOSITORY defined so using the default value of: http://jenkins-x-chartmuseum:8080
Adding missing Helm repo: storage.googleapis.com https://storage.googleapis.com/chartmuseum.jenkins-x.io
Successfully added Helm repository storage.googleapis.com.
Adding missing Helm repo: jenkins-x-chartmuseum http://jenkins-x-chartmuseum:8080
Successfully added Helm repository jenkins-x-chartmuseum.
WARNING: No $CHART_REPOSITORY defined so using the default value of: http://jenkins-x-chartmuseum:8080
Adding missing Helm repo: chartmuseum.jenkins-x.io http://chartmuseum.jenkins-x.io
Successfully added Helm repository chartmuseum.jenkins-x.io.
