
Showing logs for build [32mmathieucasse-environment-jenkin-w99kd-1[0m stage [32mfrom-build-pack[0m and container [32mstep-credential-initializer-m8v4s[0m
{"level":"info","ts":1590045801.191443,"logger":"fallback-logger","caller":"logging/config.go:69","msg":"Fetch GitHub commit ID from kodata failed: open /var/run/ko/refs/heads/0.8.0-ns-support: no such file or directory"}
{"level":"info","ts":1590045801.1923099,"logger":"fallback-logger","caller":"creds-init/main.go:40","msg":"Credentials initialized."}

Showing logs for build [32mmathieucasse-environment-jenkin-w99kd-1[0m stage [32mfrom-build-pack[0m and container [32mstep-working-dir-initializer-627hl[0m
{"level":"info","ts":1590045802.2340438,"logger":"fallback-logger","caller":"logging/config.go:69","msg":"Fetch GitHub commit ID from kodata failed: open /var/run/ko/HEAD: no such file or directory"}
{"level":"info","ts":1590045802.2357097,"logger":"fallback-logger","caller":"bash/main.go:64","msg":"Successfully executed command \"sh -c mkdir -p /workspace/source\"; output "}

Showing logs for build [32mmathieucasse-environment-jenkin-w99kd-1[0m stage [32mfrom-build-pack[0m and container [32mstep-place-tools[0m

Showing logs for build [32mmathieucasse-environment-jenkin-w99kd-1[0m stage [32mfrom-build-pack[0m and container [32mstep-git-source-mathieucasse-environment-jenkin-w99kd-5fwzc[0m
{"level":"info","ts":1590045805.331821,"logger":"fallback-logger","caller":"logging/config.go:69","msg":"Fetch GitHub commit ID from kodata failed: open /var/run/ko/refs/heads/0.8.0-ns-support: no such file or directory"}
{"level":"info","ts":1590045806.368832,"logger":"fallback-logger","caller":"git/git.go:103","msg":"Successfully cloned https://github.com/************/environment-********-staging.git @ master in path /workspace/source"}

Showing logs for build [32mmathieucasse-environment-jenkin-w99kd-1[0m stage [32mfrom-build-pack[0m and container [32mstep-git-merge[0m
Using SHAs from PULL_REFS=master:05012f6ed7237357f5676dd8e46f52e1180d8487,4:297945b7ace5b9c231daa85f48e6fbb9906f7696
DEBUG: LC_ALL=C JX_LOG_LEVEL=error git fetch origin --unshallow 297945b7ace5b9c231daa85f48e6fbb9906f7696: 05012f6ed7237357f5676dd8e46f52e1180d8487:
DEBUG: ran git fetch --unshallow origin 297945b7ace5b9c231daa85f48e6fbb9906f7696: 05012f6ed7237357f5676dd8e46f52e1180d8487: in 
DEBUG: LC_ALL=C JX_LOG_LEVEL=error git branch
DEBUG: JX_LOG_LEVEL=error LC_ALL=C git checkout master
DEBUG: ran git checkout master in 
DEBUG: LC_ALL=C JX_LOG_LEVEL=error git reset --hard 05012f6ed7237357f5676dd8e46f52e1180d8487
DEBUG: ran git reset --hard 05012f6ed7237357f5676dd8e46f52e1180d8487 in 
DEBUG: LC_ALL=C JX_LOG_LEVEL=error git clean -fd .
DEBUG: ran clean --force -d . in 
DEBUG: LC_ALL=C JX_LOG_LEVEL=error git merge 297945b7ace5b9c231daa85f48e6fbb9906f7696
DEBUG: ran git merge 297945b7ace5b9c231daa85f48e6fbb9906f7696 in 
DEBUG: LC_ALL=C JX_LOG_LEVEL=error git log --format=%H%x1f%an%x1f%ae%x1f%cn%x1f%ce%x1f%s%n%b%x1e 05012f6ed7237357f5676dd8e46f52e1180d8487..HEAD
Merged SHA 297945b7ace5b9c231daa85f48e6fbb9906f7696 with commit message 'chore: Promote hello-3-2-auto to version 0.0.1' into base branch master

Showing logs for build [32mmathieucasse-environment-jenkin-w99kd-1[0m stage [32mfrom-build-pack[0m and container [32mstep-build-helm-build[0m
WARNING: No $CHART_REPOSITORY defined so using the default value of: http://jenkins-x-chartmuseum:8080
Adding missing Helm repo: storage.googleapis.com https://storage.googleapis.com/chartmuseum.jenkins-x.io
Successfully added Helm repository storage.googleapis.com.
Adding missing Helm repo: jenkins-x-chartmuseum http://jenkins-x-chartmuseum:8080
Successfully added Helm repository jenkins-x-chartmuseum.
WARNING: No $CHART_REPOSITORY defined so using the default value of: http://jenkins-x-chartmuseum:8080
Adding missing Helm repo: chartmuseum.jenkins-x.io http://chartmuseum.jenkins-x.io
Successfully added Helm repository chartmuseum.jenkins-x.io.
