
Showing logs for build [32mmathieucasse-environment-jenkin-czzxf-3[0m stage [32mfrom-build-pack[0m and container [32mstep-credential-initializer-6t7b7[0m
{"level":"info","ts":1590062165.5698524,"logger":"fallback-logger","caller":"logging/config.go:69","msg":"Fetch GitHub commit ID from kodata failed: open /var/run/ko/refs/heads/0.8.0-ns-support: no such file or directory"}
{"level":"info","ts":1590062165.5704098,"logger":"fallback-logger","caller":"creds-init/main.go:40","msg":"Credentials initialized."}

Showing logs for build [32mmathieucasse-environment-jenkin-czzxf-3[0m stage [32mfrom-build-pack[0m and container [32mstep-working-dir-initializer-kcg5p[0m
{"level":"info","ts":1590062166.1369479,"logger":"fallback-logger","caller":"logging/config.go:69","msg":"Fetch GitHub commit ID from kodata failed: open /var/run/ko/HEAD: no such file or directory"}
{"level":"info","ts":1590062166.1385942,"logger":"fallback-logger","caller":"bash/main.go:64","msg":"Successfully executed command \"sh -c mkdir -p /workspace/source\"; output "}

Showing logs for build [32mmathieucasse-environment-jenkin-czzxf-3[0m stage [32mfrom-build-pack[0m and container [32mstep-place-tools[0m

Showing logs for build [32mmathieucasse-environment-jenkin-czzxf-3[0m stage [32mfrom-build-pack[0m and container [32mstep-git-source-mathieucasse-environment-jenkin-czzxf-mtmhq[0m
{"level":"info","ts":1590062170.2029536,"logger":"fallback-logger","caller":"logging/config.go:69","msg":"Fetch GitHub commit ID from kodata failed: open /var/run/ko/refs/heads/0.8.0-ns-support: no such file or directory"}
{"level":"info","ts":1590062171.2602248,"logger":"fallback-logger","caller":"git/git.go:103","msg":"Successfully cloned https://github.com/************/environment-********-staging.git @ master in path /workspace/source"}

Showing logs for build [32mmathieucasse-environment-jenkin-czzxf-3[0m stage [32mfrom-build-pack[0m and container [32mstep-git-merge[0m
Using SHAs from PULL_REFS=master:54c99377105d6a1ec49360c0320d0300525ceba8,5:00bb18218f4721d4146120247d65ff2d68c93985
DEBUG: LC_ALL=C JX_LOG_LEVEL=error git fetch origin --unshallow 00bb18218f4721d4146120247d65ff2d68c93985: 54c99377105d6a1ec49360c0320d0300525ceba8:
DEBUG: ran git fetch --unshallow origin 00bb18218f4721d4146120247d65ff2d68c93985: 54c99377105d6a1ec49360c0320d0300525ceba8: in 
DEBUG: LC_ALL=C JX_LOG_LEVEL=error git branch
DEBUG: JX_LOG_LEVEL=error LC_ALL=C git checkout master
DEBUG: ran git checkout master in 
DEBUG: LC_ALL=C JX_LOG_LEVEL=error git reset --hard 54c99377105d6a1ec49360c0320d0300525ceba8
DEBUG: ran git reset --hard 54c99377105d6a1ec49360c0320d0300525ceba8 in 
DEBUG: LC_ALL=C JX_LOG_LEVEL=error git clean -fd .
DEBUG: ran clean --force -d . in 
DEBUG: LC_ALL=C JX_LOG_LEVEL=error git merge 00bb18218f4721d4146120247d65ff2d68c93985
DEBUG: ran git merge 00bb18218f4721d4146120247d65ff2d68c93985 in 
DEBUG: LC_ALL=C JX_LOG_LEVEL=error git log --format=%H%x1f%an%x1f%ae%x1f%cn%x1f%ce%x1f%s%n%b%x1e 54c99377105d6a1ec49360c0320d0300525ceba8..HEAD
Merged SHA 00bb18218f4721d4146120247d65ff2d68c93985 with commit message 'chore: Promote hello-3-5-audit to version 0.0.1' into base branch master

Showing logs for build [32mmathieucasse-environment-jenkin-czzxf-3[0m stage [32mfrom-build-pack[0m and container [32mstep-build-helm-build[0m
WARNING: No $CHART_REPOSITORY defined so using the default value of: http://jenkins-x-chartmuseum:8080
Adding missing Helm repo: storage.googleapis.com https://storage.googleapis.com/chartmuseum.jenkins-x.io
Successfully added Helm repository storage.googleapis.com.
Adding missing Helm repo: jenkins-x-chartmuseum http://jenkins-x-chartmuseum:8080
Successfully added Helm repository jenkins-x-chartmuseum.
WARNING: No $CHART_REPOSITORY defined so using the default value of: http://jenkins-x-chartmuseum:8080
Adding missing Helm repo: chartmuseum.jenkins-x.io http://chartmuseum.jenkins-x.io
Successfully added Helm repository chartmuseum.jenkins-x.io.
