
Showing logs for build [32mmathieucasse-environment-jenkin-8rkbr-1[0m stage [32mfrom-build-pack[0m and container [32mstep-credential-initializer-8mcm9[0m
{"level":"info","ts":1590062539.262989,"logger":"fallback-logger","caller":"logging/config.go:69","msg":"Fetch GitHub commit ID from kodata failed: open /var/run/ko/refs/heads/0.8.0-ns-support: no such file or directory"}
{"level":"info","ts":1590062539.2636304,"logger":"fallback-logger","caller":"creds-init/main.go:40","msg":"Credentials initialized."}

Showing logs for build [32mmathieucasse-environment-jenkin-8rkbr-1[0m stage [32mfrom-build-pack[0m and container [32mstep-working-dir-initializer-7qlg8[0m
{"level":"info","ts":1590062540.402155,"logger":"fallback-logger","caller":"logging/config.go:69","msg":"Fetch GitHub commit ID from kodata failed: open /var/run/ko/HEAD: no such file or directory"}
{"level":"info","ts":1590062540.411736,"logger":"fallback-logger","caller":"bash/main.go:64","msg":"Successfully executed command \"sh -c mkdir -p /workspace/source\"; output "}

Showing logs for build [32mmathieucasse-environment-jenkin-8rkbr-1[0m stage [32mfrom-build-pack[0m and container [32mstep-place-tools[0m

Showing logs for build [32mmathieucasse-environment-jenkin-8rkbr-1[0m stage [32mfrom-build-pack[0m and container [32mstep-git-source-mathieucasse-environment-jenkin-8rkbr-4bmt4[0m
{"level":"info","ts":1590062546.6685066,"logger":"fallback-logger","caller":"logging/config.go:69","msg":"Fetch GitHub commit ID from kodata failed: open /var/run/ko/refs/heads/0.8.0-ns-support: no such file or directory"}
{"level":"info","ts":1590062547.8731673,"logger":"fallback-logger","caller":"git/git.go:103","msg":"Successfully cloned https://github.com/************/environment-********-staging.git @ master in path /workspace/source"}

Showing logs for build [32mmathieucasse-environment-jenkin-8rkbr-1[0m stage [32mfrom-build-pack[0m and container [32mstep-git-merge[0m
Using SHAs from PULL_REFS=master:79335639025df1302b4276c35c7e5e6ce16b9d18,6:66e778e22c6a5f05b354b182a85a307d76c6bdad
DEBUG: LC_ALL=C JX_LOG_LEVEL=error git fetch origin --unshallow 66e778e22c6a5f05b354b182a85a307d76c6bdad: 79335639025df1302b4276c35c7e5e6ce16b9d18:
DEBUG: ran git fetch --unshallow origin 66e778e22c6a5f05b354b182a85a307d76c6bdad: 79335639025df1302b4276c35c7e5e6ce16b9d18: in 
DEBUG: LC_ALL=C JX_LOG_LEVEL=error git branch
DEBUG: LC_ALL=C JX_LOG_LEVEL=error git checkout master
DEBUG: ran git checkout master in 
DEBUG: JX_LOG_LEVEL=error LC_ALL=C git reset --hard 79335639025df1302b4276c35c7e5e6ce16b9d18
DEBUG: ran git reset --hard 79335639025df1302b4276c35c7e5e6ce16b9d18 in 
DEBUG: LC_ALL=C JX_LOG_LEVEL=error git clean -fd .
DEBUG: ran clean --force -d . in 
DEBUG: LC_ALL=C JX_LOG_LEVEL=error git merge 66e778e22c6a5f05b354b182a85a307d76c6bdad
DEBUG: ran git merge 66e778e22c6a5f05b354b182a85a307d76c6bdad in 
DEBUG: JX_LOG_LEVEL=error LC_ALL=C git log --format=%H%x1f%an%x1f%ae%x1f%cn%x1f%ce%x1f%s%n%b%x1e 79335639025df1302b4276c35c7e5e6ce16b9d18..HEAD
Merged SHA 66e778e22c6a5f05b354b182a85a307d76c6bdad with commit message 'chore: Promote hello-3-5-replace to version 0.0.1' into base branch master

Showing logs for build [32mmathieucasse-environment-jenkin-8rkbr-1[0m stage [32mfrom-build-pack[0m and container [32mstep-build-helm-build[0m
WARNING: No $CHART_REPOSITORY defined so using the default value of: http://jenkins-x-chartmuseum:8080
Adding missing Helm repo: storage.googleapis.com https://storage.googleapis.com/chartmuseum.jenkins-x.io
Successfully added Helm repository storage.googleapis.com.
Adding missing Helm repo: jenkins-x-chartmuseum http://jenkins-x-chartmuseum:8080
Successfully added Helm repository jenkins-x-chartmuseum.
WARNING: No $CHART_REPOSITORY defined so using the default value of: http://jenkins-x-chartmuseum:8080
Adding missing Helm repo: chartmuseum.jenkins-x.io http://chartmuseum.jenkins-x.io
Successfully added Helm repository chartmuseum.jenkins-x.io.
