
Showing logs for build [32mmathieucasse-environment-jenkin-ktbpq-2[0m stage [32mfrom-build-pack[0m and container [32mstep-credential-initializer-tm7kp[0m
{"level":"info","ts":1590005944.0818686,"logger":"fallback-logger","caller":"logging/config.go:69","msg":"Fetch GitHub commit ID from kodata failed: open /var/run/ko/refs/heads/0.8.0-ns-support: no such file or directory"}
{"level":"info","ts":1590005944.0885305,"logger":"fallback-logger","caller":"creds-init/main.go:40","msg":"Credentials initialized."}

Showing logs for build [32mmathieucasse-environment-jenkin-ktbpq-2[0m stage [32mfrom-build-pack[0m and container [32mstep-working-dir-initializer-qgwwx[0m
{"level":"info","ts":1590005945.6358075,"logger":"fallback-logger","caller":"logging/config.go:69","msg":"Fetch GitHub commit ID from kodata failed: open /var/run/ko/HEAD: no such file or directory"}
{"level":"info","ts":1590005945.6376932,"logger":"fallback-logger","caller":"bash/main.go:64","msg":"Successfully executed command \"sh -c mkdir -p /workspace/source\"; output "}

Showing logs for build [32mmathieucasse-environment-jenkin-ktbpq-2[0m stage [32mfrom-build-pack[0m and container [32mstep-place-tools[0m

Showing logs for build [32mmathieucasse-environment-jenkin-ktbpq-2[0m stage [32mfrom-build-pack[0m and container [32mstep-git-source-mathieucasse-environment-jenkin-ktbpq-69jxz[0m
{"level":"info","ts":1590005950.817696,"logger":"fallback-logger","caller":"logging/config.go:69","msg":"Fetch GitHub commit ID from kodata failed: open /var/run/ko/refs/heads/0.8.0-ns-support: no such file or directory"}
{"level":"info","ts":1590005951.8330803,"logger":"fallback-logger","caller":"git/git.go:103","msg":"Successfully cloned https://github.com/************/environment-********-staging.git @ v0.0.2 in path /workspace/source"}

Showing logs for build [32mmathieucasse-environment-jenkin-ktbpq-2[0m stage [32mfrom-build-pack[0m and container [32mstep-git-merge[0m
Using SHAs from PULL_REFS=master:bbb08d6625949e6c4995e394cf2287abf72a0633
WARNING: no SHAs to merge, falling back to initial cloned commit

Showing logs for build [32mmathieucasse-environment-jenkin-ktbpq-2[0m stage [32mfrom-build-pack[0m and container [32mstep-setup-jx-git-credentials[0m
Generated Git credentials file /builder/home/git/credentials

Showing logs for build [32mmathieucasse-environment-jenkin-ktbpq-2[0m stage [32mfrom-build-pack[0m and container [32mstep-build-helm-apply[0m
Modified file /workspace/source/env/Chart.yaml to set the chart to version 2
creating the lock configmap **-lock-**-staging
lock configmap **-lock-**-staging created
Ignoring templates/.gitignore
Ignoring templates/wildcardcert-secret.yaml
WARNING: No $CHART_REPOSITORY defined so using the default value of: http://jenkins-x-chartmuseum:8080
Adding missing Helm repo: storage.googleapis.com https://storage.googleapis.com/chartmuseum.jenkins-x.io
Successfully added Helm repository storage.googleapis.com.
Adding missing Helm repo: jenkins-x-chartmuseum http://jenkins-x-chartmuseum:8080
Successfully added Helm repository jenkins-x-chartmuseum.
WARNING: No $CHART_REPOSITORY defined so using the default value of: http://jenkins-x-chartmuseum:8080
Adding missing Helm repo: chartmuseum.jenkins-x.io http://chartmuseum.jenkins-x.io
Successfully added Helm repository chartmuseum.jenkins-x.io.

cleaning the lock configmap **-lock-**-staging
