
Showing logs for build [32mmathieucasse-environment-jenkin-k2cwn-6[0m stage [32mfrom-build-pack[0m and container [32mstep-credential-initializer-x8blf[0m
{"level":"info","ts":1590062729.4440496,"logger":"fallback-logger","caller":"logging/config.go:69","msg":"Fetch GitHub commit ID from kodata failed: open /var/run/ko/refs/heads/0.8.0-ns-support: no such file or directory"}
{"level":"info","ts":1590062729.4445186,"logger":"fallback-logger","caller":"creds-init/main.go:40","msg":"Credentials initialized."}

Showing logs for build [32mmathieucasse-environment-jenkin-k2cwn-6[0m stage [32mfrom-build-pack[0m and container [32mstep-working-dir-initializer-txd6s[0m
{"level":"info","ts":1590062730.8796186,"logger":"fallback-logger","caller":"logging/config.go:69","msg":"Fetch GitHub commit ID from kodata failed: open /var/run/ko/HEAD: no such file or directory"}
{"level":"info","ts":1590062730.8815467,"logger":"fallback-logger","caller":"bash/main.go:64","msg":"Successfully executed command \"sh -c mkdir -p /workspace/source\"; output "}

Showing logs for build [32mmathieucasse-environment-jenkin-k2cwn-6[0m stage [32mfrom-build-pack[0m and container [32mstep-place-tools[0m

Showing logs for build [32mmathieucasse-environment-jenkin-k2cwn-6[0m stage [32mfrom-build-pack[0m and container [32mstep-git-source-mathieucasse-environment-jenkin-k2cwn-rvg78[0m
{"level":"info","ts":1590062737.061023,"logger":"fallback-logger","caller":"logging/config.go:69","msg":"Fetch GitHub commit ID from kodata failed: open /var/run/ko/refs/heads/0.8.0-ns-support: no such file or directory"}
{"level":"info","ts":1590062737.7553067,"logger":"fallback-logger","caller":"git/git.go:103","msg":"Successfully cloned https://github.com/************/environment-********-staging.git @ v0.0.6 in path /workspace/source"}

Showing logs for build [32mmathieucasse-environment-jenkin-k2cwn-6[0m stage [32mfrom-build-pack[0m and container [32mstep-git-merge[0m
Using SHAs from PULL_REFS=master:cd55803255a55cd82367b69d4f6a90658eaf73d3
WARNING: no SHAs to merge, falling back to initial cloned commit

Showing logs for build [32mmathieucasse-environment-jenkin-k2cwn-6[0m stage [32mfrom-build-pack[0m and container [32mstep-setup-jx-git-credentials[0m
Generated Git credentials file /builder/home/git/credentials

Showing logs for build [32mmathieucasse-environment-jenkin-k2cwn-6[0m stage [32mfrom-build-pack[0m and container [32mstep-build-helm-apply[0m
Modified file /workspace/source/env/Chart.yaml to set the chart to version 6
creating the lock configmap **-lock-**-staging
lock configmap **-lock-**-staging created
Ignoring templates/.gitignore
Ignoring templates/wildcardcert-secret.yaml
WARNING: No $CHART_REPOSITORY defined so using the default value of: http://jenkins-x-chartmuseum:8080
Adding missing Helm repo: storage.googleapis.com https://storage.googleapis.com/chartmuseum.jenkins-x.io
Successfully added Helm repository storage.googleapis.com.
Adding missing Helm repo: jenkins-x-chartmuseum http://jenkins-x-chartmuseum:8080
Successfully added Helm repository jenkins-x-chartmuseum.
WARNING: No $CHART_REPOSITORY defined so using the default value of: http://jenkins-x-chartmuseum:8080
Adding missing Helm repo: chartmuseum.jenkins-x.io http://chartmuseum.jenkins-x.io
Successfully added Helm repository chartmuseum.jenkins-x.io.

cleaning the lock configmap **-lock-**-staging
